{"C:\\ProgramData\\BlueStacks_nxt\\payments-portal\\Backend\\app.js": {"path":"C:\\ProgramData\\BlueStacks_nxt\\payments-portal\\Backend\\app.js","statementMap":{"0":{"start":{"line":2,"column":0},"end":{"line":2,"column":27}},"1":{"start":{"line":3,"column":16},"end":{"line":3,"column":34}},"2":{"start":{"line":4,"column":17},"end":{"line":4,"column":36}},"3":{"start":{"line":5,"column":21},"end":{"line":5,"column":45}},"4":{"start":{"line":6,"column":13},"end":{"line":6,"column":28}},"5":{"start":{"line":7,"column":15},"end":{"line":7,"column":32}},"6":{"start":{"line":8,"column":22},"end":{"line":8,"column":55}},"7":{"start":{"line":9,"column":18},"end":{"line":9,"column":47}},"8":{"start":{"line":12,"column":19},"end":{"line":12,"column":49}},"9":{"start":{"line":13,"column":22},"end":{"line":13,"column":55}},"10":{"start":{"line":14,"column":23},"end":{"line":14,"column":57}},"11":{"start":{"line":15,"column":27},"end":{"line":15,"column":65}},"12":{"start":{"line":16,"column":18},"end":{"line":16,"column":47}},"13":{"start":{"line":17,"column":23},"end":{"line":17,"column":61}},"14":{"start":{"line":19,"column":12},"end":{"line":19,"column":21}},"15":{"start":{"line":24,"column":0},"end":{"line":24,"column":18}},"16":{"start":{"line":25,"column":0},"end":{"line":25,"column":25}},"17":{"start":{"line":26,"column":0},"end":{"line":26,"column":41}},"18":{"start":{"line":27,"column":0},"end":{"line":27,"column":63}},"19":{"start":{"line":28,"column":0},"end":{"line":28,"column":24}},"20":{"start":{"line":33,"column":21},"end":{"line":33,"column":73}},"21":{"start":{"line":35,"column":0},"end":{"line":40,"column":4}},"22":{"start":{"line":43,"column":0},"end":{"line":48,"column":4}},"23":{"start":{"line":53,"column":16},"end":{"line":59,"column":2}},"24":{"start":{"line":60,"column":0},"end":{"line":60,"column":17}},"25":{"start":{"line":65,"column":0},"end":{"line":67,"column":3}},"26":{"start":{"line":66,"column":2},"end":{"line":66,"column":80}},"27":{"start":{"line":69,"column":0},"end":{"line":71,"column":3}},"28":{"start":{"line":70,"column":2},"end":{"line":70,"column":59}},"29":{"start":{"line":74,"column":0},"end":{"line":74,"column":31}},"30":{"start":{"line":77,"column":0},"end":{"line":77,"column":33}},"31":{"start":{"line":78,"column":0},"end":{"line":78,"column":40}},"32":{"start":{"line":79,"column":0},"end":{"line":79,"column":42}},"33":{"start":{"line":82,"column":0},"end":{"line":82,"column":51}},"34":{"start":{"line":85,"column":0},"end":{"line":96,"column":3}},"35":{"start":{"line":86,"column":2},"end":{"line":95,"column":5}},"36":{"start":{"line":101,"column":0},"end":{"line":103,"column":3}},"37":{"start":{"line":102,"column":2},"end":{"line":102,"column":53}},"38":{"start":{"line":108,"column":0},"end":{"line":113,"column":3}},"39":{"start":{"line":109,"column":2},"end":{"line":109,"column":38}},"40":{"start":{"line":110,"column":2},"end":{"line":112,"column":5}},"41":{"start":{"line":114,"column":21},"end":{"line":114,"column":25}},"42":{"start":{"line":117,"column":17},"end":{"line":119,"column":4}},"43":{"start":{"line":118,"column":4},"end":{"line":118,"column":52}},"44":{"start":{"line":121,"column":2},"end":{"line":128,"column":5}},"45":{"start":{"line":122,"column":4},"end":{"line":127,"column":5}},"46":{"start":{"line":123,"column":6},"end":{"line":123,"column":76}},"47":{"start":{"line":124,"column":6},"end":{"line":124,"column":28}},"48":{"start":{"line":126,"column":6},"end":{"line":126,"column":16}},"49":{"start":{"line":132,"column":0},"end":{"line":168,"column":1}},"50":{"start":{"line":133,"column":13},"end":{"line":133,"column":26}},"51":{"start":{"line":134,"column":14},"end":{"line":134,"column":30}},"52":{"start":{"line":136,"column":21},"end":{"line":136,"column":25}},"53":{"start":{"line":139,"column":16},"end":{"line":139,"column":54}},"54":{"start":{"line":143,"column":2},"end":{"line":149,"column":3}},"55":{"start":{"line":144,"column":16},"end":{"line":144,"column":52}},"56":{"start":{"line":145,"column":17},"end":{"line":145,"column":54}},"57":{"start":{"line":146,"column":4},"end":{"line":146,"column":52}},"58":{"start":{"line":148,"column":4},"end":{"line":148,"column":17}},"59":{"start":{"line":151,"column":21},"end":{"line":151,"column":61}},"60":{"start":{"line":153,"column":19},"end":{"line":156,"column":4}},"61":{"start":{"line":154,"column":21},"end":{"line":154,"column":45}},"62":{"start":{"line":155,"column":4},"end":{"line":155,"column":77}},"63":{"start":{"line":158,"column":2},"end":{"line":165,"column":5}},"64":{"start":{"line":159,"column":4},"end":{"line":164,"column":5}},"65":{"start":{"line":160,"column":6},"end":{"line":160,"column":80}},"66":{"start":{"line":161,"column":6},"end":{"line":161,"column":34}},"67":{"start":{"line":163,"column":6},"end":{"line":163,"column":16}},"68":{"start":{"line":171,"column":0},"end":{"line":171,"column":21}}},"fnMap":{"0":{"name":"(anonymous_0)","decl":{"start":{"line":65,"column":13},"end":{"line":65,"column":14}},"loc":{"start":{"line":65,"column":27},"end":{"line":67,"column":1}},"line":65},"1":{"name":"(anonymous_1)","decl":{"start":{"line":69,"column":23},"end":{"line":69,"column":24}},"loc":{"start":{"line":69,"column":37},"end":{"line":71,"column":1}},"line":69},"2":{"name":"(anonymous_2)","decl":{"start":{"line":85,"column":42},"end":{"line":85,"column":43}},"loc":{"start":{"line":85,"column":56},"end":{"line":96,"column":1}},"line":85},"3":{"name":"(anonymous_3)","decl":{"start":{"line":101,"column":8},"end":{"line":101,"column":9}},"loc":{"start":{"line":101,"column":22},"end":{"line":103,"column":1}},"line":101},"4":{"name":"(anonymous_4)","decl":{"start":{"line":108,"column":8},"end":{"line":108,"column":9}},"loc":{"start":{"line":108,"column":33},"end":{"line":113,"column":1}},"line":108},"5":{"name":"startServer","decl":{"start":{"line":116,"column":9},"end":{"line":116,"column":20}},"loc":{"start":{"line":116,"column":27},"end":{"line":129,"column":1}},"line":116},"6":{"name":"(anonymous_6)","decl":{"start":{"line":117,"column":34},"end":{"line":117,"column":35}},"loc":{"start":{"line":117,"column":40},"end":{"line":119,"column":3}},"line":117},"7":{"name":"(anonymous_7)","decl":{"start":{"line":121,"column":21},"end":{"line":121,"column":22}},"loc":{"start":{"line":121,"column":30},"end":{"line":128,"column":3}},"line":121},"8":{"name":"startServer","decl":{"start":{"line":138,"column":9},"end":{"line":138,"column":20}},"loc":{"start":{"line":138,"column":27},"end":{"line":166,"column":1}},"line":138},"9":{"name":"(anonymous_9)","decl":{"start":{"line":153,"column":45},"end":{"line":153,"column":46}},"loc":{"start":{"line":153,"column":51},"end":{"line":156,"column":3}},"line":153},"10":{"name":"(anonymous_10)","decl":{"start":{"line":158,"column":23},"end":{"line":158,"column":24}},"loc":{"start":{"line":158,"column":32},"end":{"line":165,"column":3}},"line":158}},"branchMap":{"0":{"loc":{"start":{"line":33,"column":21},"end":{"line":33,"column":73}},"type":"binary-expr","locations":[{"start":{"line":33,"column":21},"end":{"line":33,"column":45}},{"start":{"line":33,"column":49},"end":{"line":33,"column":73}}],"line":33},"1":{"loc":{"start":{"line":110,"column":13},"end":{"line":110,"column":30}},"type":"binary-expr","locations":[{"start":{"line":110,"column":13},"end":{"line":110,"column":23}},{"start":{"line":110,"column":27},"end":{"line":110,"column":30}}],"line":110},"2":{"loc":{"start":{"line":111,"column":11},"end":{"line":111,"column":49}},"type":"binary-expr","locations":[{"start":{"line":111,"column":11},"end":{"line":111,"column":22}},{"start":{"line":111,"column":26},"end":{"line":111,"column":49}}],"line":111},"3":{"loc":{"start":{"line":122,"column":4},"end":{"line":127,"column":5}},"type":"if","locations":[{"start":{"line":122,"column":4},"end":{"line":127,"column":5}},{"start":{"line":125,"column":11},"end":{"line":127,"column":5}}],"line":122},"4":{"loc":{"start":{"line":132,"column":0},"end":{"line":168,"column":1}},"type":"if","locations":[{"start":{"line":132,"column":0},"end":{"line":168,"column":1}},{"start":{},"end":{}}],"line":132},"5":{"loc":{"start":{"line":143,"column":2},"end":{"line":149,"column":3}},"type":"if","locations":[{"start":{"line":143,"column":2},"end":{"line":149,"column":3}},{"start":{"line":147,"column":9},"end":{"line":149,"column":3}}],"line":143},"6":{"loc":{"start":{"line":151,"column":21},"end":{"line":151,"column":61}},"type":"binary-expr","locations":[{"start":{"line":151,"column":21},"end":{"line":151,"column":25}},{"start":{"line":151,"column":29},"end":{"line":151,"column":45}},{"start":{"line":151,"column":49},"end":{"line":151,"column":61}}],"line":151},"7":{"loc":{"start":{"line":154,"column":21},"end":{"line":154,"column":45}},"type":"cond-expr","locations":[{"start":{"line":154,"column":29},"end":{"line":154,"column":36}},{"start":{"line":154,"column":39},"end":{"line":154,"column":45}}],"line":154},"8":{"loc":{"start":{"line":159,"column":4},"end":{"line":164,"column":5}},"type":"if","locations":[{"start":{"line":159,"column":4},"end":{"line":164,"column":5}},{"start":{"line":162,"column":11},"end":{"line":164,"column":5}}],"line":159}},"s":{"0":5,"1":5,"2":5,"3":5,"4":5,"5":5,"6":5,"7":5,"8":5,"9":5,"10":5,"11":5,"12":5,"13":5,"14":5,"15":5,"16":5,"17":5,"18":5,"19":5,"20":5,"21":5,"22":5,"23":5,"24":5,"25":5,"26":1,"27":5,"28":1,"29":5,"30":5,"31":5,"32":5,"33":5,"34":5,"35":0,"36":5,"37":0,"38":5,"39":0,"40":0,"41":5,"42":0,"43":0,"44":0,"45":0,"46":0,"47":0,"48":0,"49":5,"50":0,"51":0,"52":0,"53":0,"54":0,"55":0,"56":0,"57":0,"58":0,"59":0,"60":0,"61":0,"62":0,"63":0,"64":0,"65":0,"66":0,"67":0,"68":5},"f":{"0":1,"1":1,"2":0,"3":0,"4":0,"5":0,"6":0,"7":0,"8":0,"9":0,"10":0},"b":{"0":[5,0],"1":[0,0],"2":[0,0],"3":[0,0],"4":[0,5],"5":[0,0],"6":[0,0,0],"7":[0,0],"8":[0,0]},"_coverageSchema":"1a1c01bbd47fc00a2c39e90264f33305004495a9","hash":"596e8663b528fd10552643dba17a13956a135e35"}
,"C:\\ProgramData\\BlueStacks_nxt\\payments-portal\\Backend\\controllers\\authController.js": {"path":"C:\\ProgramData\\BlueStacks_nxt\\payments-portal\\Backend\\controllers\\authController.js","statementMap":{"0":{"start":{"line":2,"column":15},"end":{"line":2,"column":34}},"1":{"start":{"line":3,"column":18},"end":{"line":3,"column":38}},"2":{"start":{"line":4,"column":12},"end":{"line":4,"column":35}},"3":{"start":{"line":5,"column":18},"end":{"line":5,"column":38}},"4":{"start":{"line":6,"column":13},"end":{"line":6,"column":38}},"5":{"start":{"line":9,"column":20},"end":{"line":9,"column":44}},"6":{"start":{"line":10,"column":18},"end":{"line":10,"column":28}},"7":{"start":{"line":11,"column":23},"end":{"line":11,"column":35}},"8":{"start":{"line":12,"column":24},"end":{"line":12,"column":97}},"9":{"start":{"line":15,"column":20},"end":{"line":25,"column":1}},"10":{"start":{"line":16,"column":2},"end":{"line":24,"column":4}},"11":{"start":{"line":28,"column":24},"end":{"line":37,"column":1}},"12":{"start":{"line":29,"column":2},"end":{"line":36,"column":4}},"13":{"start":{"line":40,"column":0},"end":{"line":98,"column":2}},"14":{"start":{"line":41,"column":2},"end":{"line":97,"column":3}},"15":{"start":{"line":42,"column":60},"end":{"line":42,"column":68}},"16":{"start":{"line":45,"column":4},"end":{"line":47,"column":5}},"17":{"start":{"line":46,"column":6},"end":{"line":46,"column":73}},"18":{"start":{"line":50,"column":4},"end":{"line":52,"column":5}},"19":{"start":{"line":51,"column":6},"end":{"line":51,"column":74}},"20":{"start":{"line":53,"column":4},"end":{"line":55,"column":5}},"21":{"start":{"line":54,"column":6},"end":{"line":54,"column":77}},"22":{"start":{"line":56,"column":4},"end":{"line":58,"column":5}},"23":{"start":{"line":57,"column":6},"end":{"line":57,"column":79}},"24":{"start":{"line":59,"column":4},"end":{"line":63,"column":5}},"25":{"start":{"line":60,"column":6},"end":{"line":62,"column":9}},"26":{"start":{"line":66,"column":25},"end":{"line":68,"column":6}},"27":{"start":{"line":70,"column":4},"end":{"line":72,"column":5}},"28":{"start":{"line":71,"column":6},"end":{"line":71,"column":100}},"29":{"start":{"line":75,"column":17},"end":{"line":75,"column":41}},"30":{"start":{"line":76,"column":25},"end":{"line":76,"column":58}},"31":{"start":{"line":79,"column":17},"end":{"line":85,"column":6}},"32":{"start":{"line":87,"column":4},"end":{"line":87,"column":22}},"33":{"start":{"line":89,"column":4},"end":{"line":92,"column":7}},"34":{"start":{"line":95,"column":4},"end":{"line":95,"column":46}},"35":{"start":{"line":96,"column":4},"end":{"line":96,"column":69}},"36":{"start":{"line":101,"column":0},"end":{"line":243,"column":2}},"37":{"start":{"line":102,"column":2},"end":{"line":242,"column":3}},"38":{"start":{"line":103,"column":57},"end":{"line":103,"column":65}},"39":{"start":{"line":105,"column":4},"end":{"line":110,"column":7}},"40":{"start":{"line":113,"column":4},"end":{"line":115,"column":5}},"41":{"start":{"line":114,"column":6},"end":{"line":114,"column":69}},"42":{"start":{"line":120,"column":4},"end":{"line":134,"column":5}},"43":{"start":{"line":121,"column":6},"end":{"line":123,"column":7}},"44":{"start":{"line":122,"column":8},"end":{"line":122,"column":81}},"45":{"start":{"line":124,"column":6},"end":{"line":124,"column":51}},"46":{"start":{"line":125,"column":6},"end":{"line":125,"column":89}},"47":{"start":{"line":128,"column":9},"end":{"line":134,"column":5}},"48":{"start":{"line":129,"column":6},"end":{"line":131,"column":7}},"49":{"start":{"line":130,"column":8},"end":{"line":130,"column":72}},"50":{"start":{"line":132,"column":6},"end":{"line":132,"column":64}},"51":{"start":{"line":133,"column":6},"end":{"line":133,"column":110}},"52":{"start":{"line":136,"column":4},"end":{"line":138,"column":5}},"53":{"start":{"line":137,"column":6},"end":{"line":137,"column":69}},"54":{"start":{"line":141,"column":4},"end":{"line":143,"column":5}},"55":{"start":{"line":142,"column":6},"end":{"line":142,"column":78}},"56":{"start":{"line":146,"column":4},"end":{"line":151,"column":5}},"57":{"start":{"line":147,"column":28},"end":{"line":147,"column":80}},"58":{"start":{"line":148,"column":6},"end":{"line":150,"column":9}},"59":{"start":{"line":154,"column":28},"end":{"line":154,"column":77}},"60":{"start":{"line":155,"column":4},"end":{"line":155,"column":55}},"61":{"start":{"line":157,"column":4},"end":{"line":165,"column":5}},"62":{"start":{"line":158,"column":6},"end":{"line":158,"column":69}},"63":{"start":{"line":159,"column":6},"end":{"line":162,"column":7}},"64":{"start":{"line":160,"column":8},"end":{"line":160,"column":53}},"65":{"start":{"line":161,"column":8},"end":{"line":161,"column":37}},"66":{"start":{"line":163,"column":6},"end":{"line":163,"column":24}},"67":{"start":{"line":164,"column":6},"end":{"line":164,"column":69}},"68":{"start":{"line":169,"column":4},"end":{"line":202,"column":5}},"69":{"start":{"line":170,"column":6},"end":{"line":170,"column":53}},"70":{"start":{"line":173,"column":6},"end":{"line":180,"column":7}},"71":{"start":{"line":174,"column":26},"end":{"line":174,"column":47}},"72":{"start":{"line":175,"column":8},"end":{"line":179,"column":11}},"73":{"start":{"line":183,"column":23},"end":{"line":188,"column":8}},"74":{"start":{"line":190,"column":6},"end":{"line":199,"column":7}},"75":{"start":{"line":191,"column":8},"end":{"line":191,"column":43}},"76":{"start":{"line":192,"column":8},"end":{"line":192,"column":71}},"77":{"start":{"line":193,"column":8},"end":{"line":196,"column":9}},"78":{"start":{"line":194,"column":10},"end":{"line":194,"column":55}},"79":{"start":{"line":195,"column":10},"end":{"line":195,"column":39}},"80":{"start":{"line":197,"column":8},"end":{"line":197,"column":26}},"81":{"start":{"line":198,"column":8},"end":{"line":198,"column":86}},"82":{"start":{"line":201,"column":6},"end":{"line":201,"column":51}},"83":{"start":{"line":205,"column":4},"end":{"line":205,"column":33}},"84":{"start":{"line":206,"column":4},"end":{"line":206,"column":31}},"85":{"start":{"line":207,"column":4},"end":{"line":207,"column":32}},"86":{"start":{"line":208,"column":4},"end":{"line":208,"column":22}},"87":{"start":{"line":211,"column":18},"end":{"line":211,"column":35}},"88":{"start":{"line":214,"column":26},"end":{"line":220,"column":5}},"89":{"start":{"line":222,"column":4},"end":{"line":222,"column":46}},"90":{"start":{"line":224,"column":4},"end":{"line":224,"column":91}},"91":{"start":{"line":226,"column":4},"end":{"line":237,"column":7}},"92":{"start":{"line":240,"column":4},"end":{"line":240,"column":41}},"93":{"start":{"line":241,"column":4},"end":{"line":241,"column":69}},"94":{"start":{"line":246,"column":0},"end":{"line":254,"column":2}},"95":{"start":{"line":247,"column":2},"end":{"line":253,"column":3}},"96":{"start":{"line":248,"column":4},"end":{"line":248,"column":44}},"97":{"start":{"line":249,"column":4},"end":{"line":249,"column":55}},"98":{"start":{"line":251,"column":4},"end":{"line":251,"column":40}},"99":{"start":{"line":252,"column":4},"end":{"line":252,"column":69}}},"fnMap":{"0":{"name":"(anonymous_0)","decl":{"start":{"line":15,"column":20},"end":{"line":15,"column":21}},"loc":{"start":{"line":15,"column":30},"end":{"line":25,"column":1}},"line":15},"1":{"name":"(anonymous_1)","decl":{"start":{"line":28,"column":24},"end":{"line":28,"column":25}},"loc":{"start":{"line":28,"column":34},"end":{"line":37,"column":1}},"line":28},"2":{"name":"(anonymous_2)","decl":{"start":{"line":40,"column":19},"end":{"line":40,"column":20}},"loc":{"start":{"line":40,"column":39},"end":{"line":98,"column":1}},"line":40},"3":{"name":"(anonymous_3)","decl":{"start":{"line":101,"column":16},"end":{"line":101,"column":17}},"loc":{"start":{"line":101,"column":36},"end":{"line":243,"column":1}},"line":101},"4":{"name":"(anonymous_4)","decl":{"start":{"line":246,"column":17},"end":{"line":246,"column":18}},"loc":{"start":{"line":246,"column":37},"end":{"line":254,"column":1}},"line":246}},"branchMap":{"0":{"loc":{"start":{"line":22,"column":4},"end":{"line":22,"column":63}},"type":"binary-expr","locations":[{"start":{"line":22,"column":4},"end":{"line":22,"column":26}},{"start":{"line":22,"column":30},"end":{"line":22,"column":63}}],"line":22},"1":{"loc":{"start":{"line":34,"column":4},"end":{"line":34,"column":63}},"type":"binary-expr","locations":[{"start":{"line":34,"column":4},"end":{"line":34,"column":26}},{"start":{"line":34,"column":30},"end":{"line":34,"column":63}}],"line":34},"2":{"loc":{"start":{"line":45,"column":4},"end":{"line":47,"column":5}},"type":"if","locations":[{"start":{"line":45,"column":4},"end":{"line":47,"column":5}},{"start":{},"end":{}}],"line":45},"3":{"loc":{"start":{"line":45,"column":8},"end":{"line":45,"column":61}},"type":"binary-expr","locations":[{"start":{"line":45,"column":8},"end":{"line":45,"column":17}},{"start":{"line":45,"column":21},"end":{"line":45,"column":30}},{"start":{"line":45,"column":34},"end":{"line":45,"column":48}},{"start":{"line":45,"column":52},"end":{"line":45,"column":61}}],"line":45},"4":{"loc":{"start":{"line":50,"column":4},"end":{"line":52,"column":5}},"type":"if","locations":[{"start":{"line":50,"column":4},"end":{"line":52,"column":5}},{"start":{},"end":{}}],"line":50},"5":{"loc":{"start":{"line":53,"column":4},"end":{"line":55,"column":5}},"type":"if","locations":[{"start":{"line":53,"column":4},"end":{"line":55,"column":5}},{"start":{},"end":{}}],"line":53},"6":{"loc":{"start":{"line":56,"column":4},"end":{"line":58,"column":5}},"type":"if","locations":[{"start":{"line":56,"column":4},"end":{"line":58,"column":5}},{"start":{},"end":{}}],"line":56},"7":{"loc":{"start":{"line":59,"column":4},"end":{"line":63,"column":5}},"type":"if","locations":[{"start":{"line":59,"column":4},"end":{"line":63,"column":5}},{"start":{},"end":{}}],"line":59},"8":{"loc":{"start":{"line":70,"column":4},"end":{"line":72,"column":5}},"type":"if","locations":[{"start":{"line":70,"column":4},"end":{"line":72,"column":5}},{"start":{},"end":{}}],"line":70},"9":{"loc":{"start":{"line":106,"column":21},"end":{"line":106,"column":43}},"type":"binary-expr","locations":[{"start":{"line":106,"column":21},"end":{"line":106,"column":34}},{"start":{"line":106,"column":38},"end":{"line":106,"column":43}}],"line":106},"10":{"loc":{"start":{"line":107,"column":13},"end":{"line":107,"column":27}},"type":"binary-expr","locations":[{"start":{"line":107,"column":13},"end":{"line":107,"column":18}},{"start":{"line":107,"column":22},"end":{"line":107,"column":27}}],"line":107},"11":{"loc":{"start":{"line":113,"column":4},"end":{"line":115,"column":5}},"type":"if","locations":[{"start":{"line":113,"column":4},"end":{"line":115,"column":5}},{"start":{},"end":{}}],"line":113},"12":{"loc":{"start":{"line":113,"column":8},"end":{"line":113,"column":47}},"type":"binary-expr","locations":[{"start":{"line":113,"column":9},"end":{"line":113,"column":23}},{"start":{"line":113,"column":27},"end":{"line":113,"column":33}},{"start":{"line":113,"column":38},"end":{"line":113,"column":47}}],"line":113},"13":{"loc":{"start":{"line":120,"column":4},"end":{"line":134,"column":5}},"type":"if","locations":[{"start":{"line":120,"column":4},"end":{"line":134,"column":5}},{"start":{"line":128,"column":9},"end":{"line":134,"column":5}}],"line":120},"14":{"loc":{"start":{"line":121,"column":6},"end":{"line":123,"column":7}},"type":"if","locations":[{"start":{"line":121,"column":6},"end":{"line":123,"column":7}},{"start":{},"end":{}}],"line":121},"15":{"loc":{"start":{"line":125,"column":41},"end":{"line":125,"column":87}},"type":"cond-expr","locations":[{"start":{"line":125,"column":48},"end":{"line":125,"column":73}},{"start":{"line":125,"column":76},"end":{"line":125,"column":87}}],"line":125},"16":{"loc":{"start":{"line":128,"column":9},"end":{"line":134,"column":5}},"type":"if","locations":[{"start":{"line":128,"column":9},"end":{"line":134,"column":5}},{"start":{},"end":{}}],"line":128},"17":{"loc":{"start":{"line":129,"column":6},"end":{"line":131,"column":7}},"type":"if","locations":[{"start":{"line":129,"column":6},"end":{"line":131,"column":7}},{"start":{},"end":{}}],"line":129},"18":{"loc":{"start":{"line":133,"column":47},"end":{"line":133,"column":108}},"type":"cond-expr","locations":[{"start":{"line":133,"column":54},"end":{"line":133,"column":94}},{"start":{"line":133,"column":97},"end":{"line":133,"column":108}}],"line":133},"19":{"loc":{"start":{"line":136,"column":4},"end":{"line":138,"column":5}},"type":"if","locations":[{"start":{"line":136,"column":4},"end":{"line":138,"column":5}},{"start":{},"end":{}}],"line":136},"20":{"loc":{"start":{"line":141,"column":4},"end":{"line":143,"column":5}},"type":"if","locations":[{"start":{"line":141,"column":4},"end":{"line":143,"column":5}},{"start":{},"end":{}}],"line":141},"21":{"loc":{"start":{"line":146,"column":4},"end":{"line":151,"column":5}},"type":"if","locations":[{"start":{"line":146,"column":4},"end":{"line":151,"column":5}},{"start":{},"end":{}}],"line":146},"22":{"loc":{"start":{"line":146,"column":8},"end":{"line":146,"column":53}},"type":"binary-expr","locations":[{"start":{"line":146,"column":8},"end":{"line":146,"column":22}},{"start":{"line":146,"column":26},"end":{"line":146,"column":53}}],"line":146},"23":{"loc":{"start":{"line":157,"column":4},"end":{"line":165,"column":5}},"type":"if","locations":[{"start":{"line":157,"column":4},"end":{"line":165,"column":5}},{"start":{},"end":{}}],"line":157},"24":{"loc":{"start":{"line":158,"column":34},"end":{"line":158,"column":63}},"type":"binary-expr","locations":[{"start":{"line":158,"column":34},"end":{"line":158,"column":58}},{"start":{"line":158,"column":62},"end":{"line":158,"column":63}}],"line":158},"25":{"loc":{"start":{"line":159,"column":6},"end":{"line":162,"column":7}},"type":"if","locations":[{"start":{"line":159,"column":6},"end":{"line":162,"column":7}},{"start":{},"end":{}}],"line":159},"26":{"loc":{"start":{"line":169,"column":4},"end":{"line":202,"column":5}},"type":"if","locations":[{"start":{"line":169,"column":4},"end":{"line":202,"column":5}},{"start":{},"end":{}}],"line":169},"27":{"loc":{"start":{"line":169,"column":8},"end":{"line":169,"column":41}},"type":"binary-expr","locations":[{"start":{"line":169,"column":8},"end":{"line":169,"column":23}},{"start":{"line":169,"column":27},"end":{"line":169,"column":41}}],"line":169},"28":{"loc":{"start":{"line":173,"column":6},"end":{"line":180,"column":7}},"type":"if","locations":[{"start":{"line":173,"column":6},"end":{"line":180,"column":7}},{"start":{},"end":{}}],"line":173},"29":{"loc":{"start":{"line":190,"column":6},"end":{"line":199,"column":7}},"type":"if","locations":[{"start":{"line":190,"column":6},"end":{"line":199,"column":7}},{"start":{},"end":{}}],"line":190},"30":{"loc":{"start":{"line":192,"column":36},"end":{"line":192,"column":65}},"type":"binary-expr","locations":[{"start":{"line":192,"column":36},"end":{"line":192,"column":60}},{"start":{"line":192,"column":64},"end":{"line":192,"column":65}}],"line":192},"31":{"loc":{"start":{"line":193,"column":8},"end":{"line":196,"column":9}},"type":"if","locations":[{"start":{"line":193,"column":8},"end":{"line":196,"column":9}},{"start":{},"end":{}}],"line":193},"32":{"loc":{"start":{"line":224,"column":39},"end":{"line":224,"column":71}},"type":"binary-expr","locations":[{"start":{"line":224,"column":39},"end":{"line":224,"column":49}},{"start":{"line":224,"column":53},"end":{"line":224,"column":71}}],"line":224}},"s":{"0":5,"1":5,"2":5,"3":5,"4":5,"5":5,"6":5,"7":5,"8":5,"9":5,"10":0,"11":5,"12":0,"13":5,"14":3,"15":3,"16":3,"17":3,"18":0,"19":0,"20":0,"21":0,"22":0,"23":0,"24":0,"25":0,"26":0,"27":0,"28":0,"29":0,"30":0,"31":0,"32":0,"33":0,"34":0,"35":0,"36":5,"37":2,"38":2,"39":2,"40":2,"41":0,"42":2,"43":0,"44":0,"45":0,"46":0,"47":2,"48":2,"49":0,"50":2,"51":0,"52":0,"53":0,"54":0,"55":0,"56":0,"57":0,"58":0,"59":0,"60":0,"61":0,"62":0,"63":0,"64":0,"65":0,"66":0,"67":0,"68":0,"69":0,"70":0,"71":0,"72":0,"73":0,"74":0,"75":0,"76":0,"77":0,"78":0,"79":0,"80":0,"81":0,"82":0,"83":0,"84":0,"85":0,"86":0,"87":0,"88":0,"89":0,"90":0,"91":0,"92":2,"93":2,"94":5,"95":0,"96":0,"97":0,"98":0,"99":0},"f":{"0":0,"1":0,"2":3,"3":2,"4":0},"b":{"0":[0,0],"1":[0,0],"2":[3,0],"3":[3,0,0,0],"4":[0,0],"5":[0,0],"6":[0,0],"7":[0,0],"8":[0,0],"9":[2,2],"10":[2,0],"11":[0,2],"12":[2,2,2],"13":[0,2],"14":[0,0],"15":[0,0],"16":[2,0],"17":[0,2],"18":[0,0],"19":[0,0],"20":[0,0],"21":[0,0],"22":[0,0],"23":[0,0],"24":[0,0],"25":[0,0],"26":[0,0],"27":[0,0],"28":[0,0],"29":[0,0],"30":[0,0],"31":[0,0],"32":[0,0]},"_coverageSchema":"1a1c01bbd47fc00a2c39e90264f33305004495a9","hash":"ccb4049db6bbc11c6c42fba3ee7b1409272d87b0"}
,"C:\\ProgramData\\BlueStacks_nxt\\payments-portal\\Backend\\controllers\\employeeController.js": {"path":"C:\\ProgramData\\BlueStacks_nxt\\payments-portal\\Backend\\controllers\\employeeController.js","statementMap":{"0":{"start":{"line":2,"column":15},"end":{"line":2,"column":34}},"1":{"start":{"line":3,"column":18},"end":{"line":3,"column":38}},"2":{"start":{"line":4,"column":13},"end":{"line":4,"column":38}},"3":{"start":{"line":7,"column":20},"end":{"line":7,"column":44}},"4":{"start":{"line":8,"column":23},"end":{"line":8,"column":35}},"5":{"start":{"line":9,"column":18},"end":{"line":9,"column":28}},"6":{"start":{"line":10,"column":24},"end":{"line":10,"column":97}},"7":{"start":{"line":13,"column":0},"end":{"line":90,"column":2}},"8":{"start":{"line":14,"column":2},"end":{"line":89,"column":3}},"9":{"start":{"line":15,"column":73},"end":{"line":15,"column":81}},"10":{"start":{"line":17,"column":4},"end":{"line":17,"column":68}},"11":{"start":{"line":20,"column":4},"end":{"line":22,"column":5}},"12":{"start":{"line":21,"column":6},"end":{"line":21,"column":73}},"13":{"start":{"line":25,"column":4},"end":{"line":27,"column":5}},"14":{"start":{"line":26,"column":6},"end":{"line":26,"column":80}},"15":{"start":{"line":30,"column":4},"end":{"line":32,"column":5}},"16":{"start":{"line":31,"column":6},"end":{"line":31,"column":74}},"17":{"start":{"line":33,"column":4},"end":{"line":35,"column":5}},"18":{"start":{"line":34,"column":6},"end":{"line":34,"column":70}},"19":{"start":{"line":36,"column":4},"end":{"line":38,"column":5}},"20":{"start":{"line":37,"column":6},"end":{"line":37,"column":79}},"21":{"start":{"line":39,"column":4},"end":{"line":41,"column":5}},"22":{"start":{"line":40,"column":6},"end":{"line":40,"column":77}},"23":{"start":{"line":42,"column":4},"end":{"line":46,"column":5}},"24":{"start":{"line":43,"column":6},"end":{"line":45,"column":9}},"25":{"start":{"line":49,"column":21},"end":{"line":51,"column":6}},"26":{"start":{"line":53,"column":4},"end":{"line":55,"column":5}},"27":{"start":{"line":54,"column":6},"end":{"line":54,"column":108}},"28":{"start":{"line":58,"column":17},"end":{"line":58,"column":41}},"29":{"start":{"line":59,"column":25},"end":{"line":59,"column":58}},"30":{"start":{"line":62,"column":17},"end":{"line":69,"column":6}},"31":{"start":{"line":71,"column":4},"end":{"line":71,"column":22}},"32":{"start":{"line":73,"column":4},"end":{"line":73,"column":51}},"33":{"start":{"line":75,"column":4},"end":{"line":84,"column":7}},"34":{"start":{"line":87,"column":4},"end":{"line":87,"column":51}},"35":{"start":{"line":88,"column":4},"end":{"line":88,"column":60}},"36":{"start":{"line":93,"column":0},"end":{"line":110,"column":2}},"37":{"start":{"line":94,"column":2},"end":{"line":109,"column":3}},"38":{"start":{"line":95,"column":18},"end":{"line":97,"column":54}},"39":{"start":{"line":99,"column":4},"end":{"line":99,"column":63}},"40":{"start":{"line":101,"column":4},"end":{"line":104,"column":7}},"41":{"start":{"line":107,"column":4},"end":{"line":107,"column":50}},"42":{"start":{"line":108,"column":4},"end":{"line":108,"column":60}},"43":{"start":{"line":113,"column":0},"end":{"line":156,"column":2}},"44":{"start":{"line":114,"column":2},"end":{"line":155,"column":3}},"45":{"start":{"line":115,"column":48},"end":{"line":115,"column":56}},"46":{"start":{"line":116,"column":19},"end":{"line":116,"column":29}},"47":{"start":{"line":118,"column":17},"end":{"line":118,"column":40}},"48":{"start":{"line":119,"column":4},"end":{"line":121,"column":5}},"49":{"start":{"line":120,"column":6},"end":{"line":120,"column":68}},"50":{"start":{"line":124,"column":4},"end":{"line":126,"column":5}},"51":{"start":{"line":125,"column":6},"end":{"line":125,"column":49}},"52":{"start":{"line":127,"column":4},"end":{"line":129,"column":5}},"53":{"start":{"line":128,"column":6},"end":{"line":128,"column":51}},"54":{"start":{"line":130,"column":4},"end":{"line":132,"column":5}},"55":{"start":{"line":131,"column":6},"end":{"line":131,"column":23}},"56":{"start":{"line":133,"column":4},"end":{"line":135,"column":5}},"57":{"start":{"line":134,"column":6},"end":{"line":134,"column":31}},"58":{"start":{"line":137,"column":4},"end":{"line":137,"column":22}},"59":{"start":{"line":139,"column":4},"end":{"line":139,"column":51}},"60":{"start":{"line":141,"column":4},"end":{"line":150,"column":7}},"61":{"start":{"line":153,"column":4},"end":{"line":153,"column":51}},"62":{"start":{"line":154,"column":4},"end":{"line":154,"column":60}},"63":{"start":{"line":159,"column":0},"end":{"line":186,"column":2}},"64":{"start":{"line":160,"column":2},"end":{"line":185,"column":3}},"65":{"start":{"line":161,"column":19},"end":{"line":161,"column":29}},"66":{"start":{"line":163,"column":17},"end":{"line":163,"column":40}},"67":{"start":{"line":164,"column":4},"end":{"line":166,"column":5}},"68":{"start":{"line":165,"column":6},"end":{"line":165,"column":68}},"69":{"start":{"line":169,"column":4},"end":{"line":171,"column":5}},"70":{"start":{"line":170,"column":6},"end":{"line":170,"column":84}},"71":{"start":{"line":173,"column":4},"end":{"line":173,"column":26}},"72":{"start":{"line":174,"column":4},"end":{"line":174,"column":22}},"73":{"start":{"line":176,"column":4},"end":{"line":176,"column":55}},"74":{"start":{"line":178,"column":4},"end":{"line":180,"column":7}},"75":{"start":{"line":183,"column":4},"end":{"line":183,"column":51}},"76":{"start":{"line":184,"column":4},"end":{"line":184,"column":60}},"77":{"start":{"line":189,"column":0},"end":{"line":204,"column":2}},"78":{"start":{"line":190,"column":2},"end":{"line":203,"column":3}},"79":{"start":{"line":191,"column":19},"end":{"line":191,"column":29}},"80":{"start":{"line":193,"column":17},"end":{"line":193,"column":64}},"81":{"start":{"line":194,"column":4},"end":{"line":196,"column":5}},"82":{"start":{"line":195,"column":6},"end":{"line":195,"column":68}},"83":{"start":{"line":198,"column":4},"end":{"line":198,"column":30}},"84":{"start":{"line":201,"column":4},"end":{"line":201,"column":48}},"85":{"start":{"line":202,"column":4},"end":{"line":202,"column":60}}},"fnMap":{"0":{"name":"(anonymous_0)","decl":{"start":{"line":13,"column":25},"end":{"line":13,"column":26}},"loc":{"start":{"line":13,"column":45},"end":{"line":90,"column":1}},"line":13},"1":{"name":"(anonymous_1)","decl":{"start":{"line":93,"column":24},"end":{"line":93,"column":25}},"loc":{"start":{"line":93,"column":44},"end":{"line":110,"column":1}},"line":93},"2":{"name":"(anonymous_2)","decl":{"start":{"line":113,"column":25},"end":{"line":113,"column":26}},"loc":{"start":{"line":113,"column":45},"end":{"line":156,"column":1}},"line":113},"3":{"name":"(anonymous_3)","decl":{"start":{"line":159,"column":25},"end":{"line":159,"column":26}},"loc":{"start":{"line":159,"column":45},"end":{"line":186,"column":1}},"line":159},"4":{"name":"(anonymous_4)","decl":{"start":{"line":189,"column":22},"end":{"line":189,"column":23}},"loc":{"start":{"line":189,"column":42},"end":{"line":204,"column":1}},"line":189}},"branchMap":{"0":{"loc":{"start":{"line":20,"column":4},"end":{"line":22,"column":5}},"type":"if","locations":[{"start":{"line":20,"column":4},"end":{"line":22,"column":5}},{"start":{},"end":{}}],"line":20},"1":{"loc":{"start":{"line":20,"column":8},"end":{"line":20,"column":80}},"type":"binary-expr","locations":[{"start":{"line":20,"column":8},"end":{"line":20,"column":17}},{"start":{"line":20,"column":21},"end":{"line":20,"column":27}},{"start":{"line":20,"column":31},"end":{"line":20,"column":45}},{"start":{"line":20,"column":49},"end":{"line":20,"column":58}},{"start":{"line":20,"column":62},"end":{"line":20,"column":71}},{"start":{"line":20,"column":75},"end":{"line":20,"column":80}}],"line":20},"2":{"loc":{"start":{"line":25,"column":4},"end":{"line":27,"column":5}},"type":"if","locations":[{"start":{"line":25,"column":4},"end":{"line":27,"column":5}},{"start":{},"end":{}}],"line":25},"3":{"loc":{"start":{"line":30,"column":4},"end":{"line":32,"column":5}},"type":"if","locations":[{"start":{"line":30,"column":4},"end":{"line":32,"column":5}},{"start":{},"end":{}}],"line":30},"4":{"loc":{"start":{"line":33,"column":4},"end":{"line":35,"column":5}},"type":"if","locations":[{"start":{"line":33,"column":4},"end":{"line":35,"column":5}},{"start":{},"end":{}}],"line":33},"5":{"loc":{"start":{"line":36,"column":4},"end":{"line":38,"column":5}},"type":"if","locations":[{"start":{"line":36,"column":4},"end":{"line":38,"column":5}},{"start":{},"end":{}}],"line":36},"6":{"loc":{"start":{"line":39,"column":4},"end":{"line":41,"column":5}},"type":"if","locations":[{"start":{"line":39,"column":4},"end":{"line":41,"column":5}},{"start":{},"end":{}}],"line":39},"7":{"loc":{"start":{"line":42,"column":4},"end":{"line":46,"column":5}},"type":"if","locations":[{"start":{"line":42,"column":4},"end":{"line":46,"column":5}},{"start":{},"end":{}}],"line":42},"8":{"loc":{"start":{"line":53,"column":4},"end":{"line":55,"column":5}},"type":"if","locations":[{"start":{"line":53,"column":4},"end":{"line":55,"column":5}},{"start":{},"end":{}}],"line":53},"9":{"loc":{"start":{"line":119,"column":4},"end":{"line":121,"column":5}},"type":"if","locations":[{"start":{"line":119,"column":4},"end":{"line":121,"column":5}},{"start":{},"end":{}}],"line":119},"10":{"loc":{"start":{"line":119,"column":8},"end":{"line":119,"column":59}},"type":"binary-expr","locations":[{"start":{"line":119,"column":8},"end":{"line":119,"column":13}},{"start":{"line":119,"column":17},"end":{"line":119,"column":59}}],"line":119},"11":{"loc":{"start":{"line":124,"column":4},"end":{"line":126,"column":5}},"type":"if","locations":[{"start":{"line":124,"column":4},"end":{"line":126,"column":5}},{"start":{},"end":{}}],"line":124},"12":{"loc":{"start":{"line":124,"column":8},"end":{"line":124,"column":46}},"type":"binary-expr","locations":[{"start":{"line":124,"column":8},"end":{"line":124,"column":16}},{"start":{"line":124,"column":20},"end":{"line":124,"column":46}}],"line":124},"13":{"loc":{"start":{"line":127,"column":4},"end":{"line":129,"column":5}},"type":"if","locations":[{"start":{"line":127,"column":4},"end":{"line":129,"column":5}},{"start":{},"end":{}}],"line":127},"14":{"loc":{"start":{"line":127,"column":8},"end":{"line":127,"column":41}},"type":"binary-expr","locations":[{"start":{"line":127,"column":8},"end":{"line":127,"column":13}},{"start":{"line":127,"column":17},"end":{"line":127,"column":41}}],"line":127},"15":{"loc":{"start":{"line":130,"column":4},"end":{"line":132,"column":5}},"type":"if","locations":[{"start":{"line":130,"column":4},"end":{"line":132,"column":5}},{"start":{},"end":{}}],"line":130},"16":{"loc":{"start":{"line":130,"column":8},"end":{"line":130,"column":52}},"type":"binary-expr","locations":[{"start":{"line":130,"column":8},"end":{"line":130,"column":12}},{"start":{"line":130,"column":16},"end":{"line":130,"column":52}}],"line":130},"17":{"loc":{"start":{"line":133,"column":4},"end":{"line":135,"column":5}},"type":"if","locations":[{"start":{"line":133,"column":4},"end":{"line":135,"column":5}},{"start":{},"end":{}}],"line":133},"18":{"loc":{"start":{"line":164,"column":4},"end":{"line":166,"column":5}},"type":"if","locations":[{"start":{"line":164,"column":4},"end":{"line":166,"column":5}},{"start":{},"end":{}}],"line":164},"19":{"loc":{"start":{"line":164,"column":8},"end":{"line":164,"column":59}},"type":"binary-expr","locations":[{"start":{"line":164,"column":8},"end":{"line":164,"column":13}},{"start":{"line":164,"column":17},"end":{"line":164,"column":59}}],"line":164},"20":{"loc":{"start":{"line":169,"column":4},"end":{"line":171,"column":5}},"type":"if","locations":[{"start":{"line":169,"column":4},"end":{"line":171,"column":5}},{"start":{},"end":{}}],"line":169},"21":{"loc":{"start":{"line":194,"column":4},"end":{"line":196,"column":5}},"type":"if","locations":[{"start":{"line":194,"column":4},"end":{"line":196,"column":5}},{"start":{},"end":{}}],"line":194},"22":{"loc":{"start":{"line":194,"column":8},"end":{"line":194,"column":59}},"type":"binary-expr","locations":[{"start":{"line":194,"column":8},"end":{"line":194,"column":13}},{"start":{"line":194,"column":17},"end":{"line":194,"column":59}}],"line":194}},"s":{"0":5,"1":5,"2":5,"3":5,"4":5,"5":5,"6":5,"7":5,"8":0,"9":0,"10":0,"11":0,"12":0,"13":0,"14":0,"15":0,"16":0,"17":0,"18":0,"19":0,"20":0,"21":0,"22":0,"23":0,"24":0,"25":0,"26":0,"27":0,"28":0,"29":0,"30":0,"31":0,"32":0,"33":0,"34":0,"35":0,"36":5,"37":0,"38":0,"39":0,"40":0,"41":0,"42":0,"43":5,"44":0,"45":0,"46":0,"47":0,"48":0,"49":0,"50":0,"51":0,"52":0,"53":0,"54":0,"55":0,"56":0,"57":0,"58":0,"59":0,"60":0,"61":0,"62":0,"63":5,"64":0,"65":0,"66":0,"67":0,"68":0,"69":0,"70":0,"71":0,"72":0,"73":0,"74":0,"75":0,"76":0,"77":5,"78":0,"79":0,"80":0,"81":0,"82":0,"83":0,"84":0,"85":0},"f":{"0":0,"1":0,"2":0,"3":0,"4":0},"b":{"0":[0,0],"1":[0,0,0,0,0,0],"2":[0,0],"3":[0,0],"4":[0,0],"5":[0,0],"6":[0,0],"7":[0,0],"8":[0,0],"9":[0,0],"10":[0,0],"11":[0,0],"12":[0,0],"13":[0,0],"14":[0,0],"15":[0,0],"16":[0,0],"17":[0,0],"18":[0,0],"19":[0,0],"20":[0,0],"21":[0,0],"22":[0,0]},"_coverageSchema":"1a1c01bbd47fc00a2c39e90264f33305004495a9","hash":"d465acf6920d779a913be6c26baf4f1af13ec655"}
,"C:\\ProgramData\\BlueStacks_nxt\\payments-portal\\Backend\\controllers\\paymentController.js": {"path":"C:\\ProgramData\\BlueStacks_nxt\\payments-portal\\Backend\\controllers\\paymentController.js","statementMap":{"0":{"start":{"line":2,"column":16},"end":{"line":2,"column":44}},"1":{"start":{"line":3,"column":18},"end":{"line":3,"column":38}},"2":{"start":{"line":6,"column":23},"end":{"line":6,"column":35}},"3":{"start":{"line":7,"column":24},"end":{"line":7,"column":36}},"4":{"start":{"line":8,"column":21},"end":{"line":8,"column":58}},"5":{"start":{"line":9,"column":24},"end":{"line":9,"column":44}},"6":{"start":{"line":13,"column":4},"end":{"line":76,"column":5}},"7":{"start":{"line":14,"column":68},"end":{"line":14,"column":76}},"8":{"start":{"line":15,"column":6},"end":{"line":17,"column":7}},"9":{"start":{"line":16,"column":8},"end":{"line":16,"column":83}},"10":{"start":{"line":19,"column":24},"end":{"line":19,"column":42}},"11":{"start":{"line":20,"column":6},"end":{"line":22,"column":7}},"12":{"start":{"line":21,"column":8},"end":{"line":21,"column":112}},"13":{"start":{"line":24,"column":6},"end":{"line":24,"column":47}},"14":{"start":{"line":25,"column":6},"end":{"line":27,"column":7}},"15":{"start":{"line":26,"column":8},"end":{"line":26,"column":110}},"16":{"start":{"line":29,"column":6},"end":{"line":29,"column":33}},"17":{"start":{"line":30,"column":6},"end":{"line":32,"column":7}},"18":{"start":{"line":31,"column":8},"end":{"line":31,"column":86}},"19":{"start":{"line":34,"column":6},"end":{"line":34,"column":41}},"20":{"start":{"line":35,"column":6},"end":{"line":37,"column":7}},"21":{"start":{"line":36,"column":8},"end":{"line":36,"column":85}},"22":{"start":{"line":39,"column":6},"end":{"line":39,"column":49}},"23":{"start":{"line":40,"column":6},"end":{"line":42,"column":7}},"24":{"start":{"line":41,"column":8},"end":{"line":41,"column":109}},"25":{"start":{"line":45,"column":6},"end":{"line":45,"column":44}},"26":{"start":{"line":46,"column":6},"end":{"line":46,"column":44}},"27":{"start":{"line":47,"column":6},"end":{"line":47,"column":52}},"28":{"start":{"line":48,"column":6},"end":{"line":48,"column":46}},"29":{"start":{"line":50,"column":22},"end":{"line":58,"column":8}},"30":{"start":{"line":60,"column":6},"end":{"line":60,"column":27}},"31":{"start":{"line":62,"column":6},"end":{"line":72,"column":9}},"32":{"start":{"line":74,"column":6},"end":{"line":74,"column":48}},"33":{"start":{"line":75,"column":6},"end":{"line":75,"column":87}},"34":{"start":{"line":80,"column":4},"end":{"line":88,"column":5}},"35":{"start":{"line":81,"column":23},"end":{"line":83,"column":23}},"36":{"start":{"line":84,"column":6},"end":{"line":84,"column":75}},"37":{"start":{"line":86,"column":6},"end":{"line":86,"column":50}},"38":{"start":{"line":87,"column":6},"end":{"line":87,"column":86}},"39":{"start":{"line":92,"column":4},"end":{"line":99,"column":5}},"40":{"start":{"line":93,"column":22},"end":{"line":93,"column":102}},"41":{"start":{"line":94,"column":6},"end":{"line":94,"column":81}},"42":{"start":{"line":94,"column":20},"end":{"line":94,"column":81}},"43":{"start":{"line":95,"column":6},"end":{"line":95,"column":50}},"44":{"start":{"line":97,"column":6},"end":{"line":97,"column":49}},"45":{"start":{"line":98,"column":6},"end":{"line":98,"column":85}},"46":{"start":{"line":103,"column":4},"end":{"line":111,"column":5}},"47":{"start":{"line":104,"column":23},"end":{"line":106,"column":31}},"48":{"start":{"line":107,"column":6},"end":{"line":107,"column":53}},"49":{"start":{"line":109,"column":6},"end":{"line":109,"column":53}},"50":{"start":{"line":110,"column":6},"end":{"line":110,"column":55}},"51":{"start":{"line":115,"column":4},"end":{"line":130,"column":5}},"52":{"start":{"line":116,"column":22},"end":{"line":116,"column":59}},"53":{"start":{"line":117,"column":6},"end":{"line":117,"column":81}},"54":{"start":{"line":117,"column":20},"end":{"line":117,"column":81}},"55":{"start":{"line":118,"column":6},"end":{"line":119,"column":89}},"56":{"start":{"line":119,"column":8},"end":{"line":119,"column":89}},"57":{"start":{"line":121,"column":6},"end":{"line":121,"column":36}},"58":{"start":{"line":122,"column":6},"end":{"line":122,"column":40}},"59":{"start":{"line":123,"column":6},"end":{"line":123,"column":38}},"60":{"start":{"line":124,"column":6},"end":{"line":124,"column":27}},"61":{"start":{"line":126,"column":6},"end":{"line":126,"column":62}},"62":{"start":{"line":128,"column":6},"end":{"line":128,"column":48}},"63":{"start":{"line":129,"column":6},"end":{"line":129,"column":55}},"64":{"start":{"line":133,"column":2},"end":{"line":143,"column":3}},"65":{"start":{"line":134,"column":21},"end":{"line":137,"column":21}},"66":{"start":{"line":139,"column":4},"end":{"line":139,"column":73}},"67":{"start":{"line":141,"column":4},"end":{"line":141,"column":47}},"68":{"start":{"line":142,"column":4},"end":{"line":142,"column":88}},"69":{"start":{"line":147,"column":4},"end":{"line":160,"column":5}},"70":{"start":{"line":148,"column":22},"end":{"line":148,"column":59}},"71":{"start":{"line":149,"column":6},"end":{"line":149,"column":81}},"72":{"start":{"line":149,"column":20},"end":{"line":149,"column":81}},"73":{"start":{"line":150,"column":6},"end":{"line":151,"column":93}},"74":{"start":{"line":151,"column":8},"end":{"line":151,"column":93}},"75":{"start":{"line":153,"column":6},"end":{"line":153,"column":35}},"76":{"start":{"line":154,"column":6},"end":{"line":154,"column":27}},"77":{"start":{"line":156,"column":6},"end":{"line":156,"column":63}},"78":{"start":{"line":158,"column":6},"end":{"line":158,"column":50}},"79":{"start":{"line":159,"column":6},"end":{"line":159,"column":55}},"80":{"start":{"line":164,"column":0},"end":{"line":164,"column":35}}},"fnMap":{"0":{"name":"(anonymous_0)","decl":{"start":{"line":12,"column":2},"end":{"line":12,"column":3}},"loc":{"start":{"line":12,"column":39},"end":{"line":77,"column":3}},"line":12},"1":{"name":"(anonymous_1)","decl":{"start":{"line":79,"column":2},"end":{"line":79,"column":3}},"loc":{"start":{"line":79,"column":41},"end":{"line":89,"column":3}},"line":79},"2":{"name":"(anonymous_2)","decl":{"start":{"line":91,"column":2},"end":{"line":91,"column":3}},"loc":{"start":{"line":91,"column":40},"end":{"line":100,"column":3}},"line":91},"3":{"name":"(anonymous_3)","decl":{"start":{"line":102,"column":2},"end":{"line":102,"column":3}},"loc":{"start":{"line":102,"column":44},"end":{"line":112,"column":3}},"line":102},"4":{"name":"(anonymous_4)","decl":{"start":{"line":114,"column":2},"end":{"line":114,"column":3}},"loc":{"start":{"line":114,"column":39},"end":{"line":131,"column":3}},"line":114},"5":{"name":"(anonymous_5)","decl":{"start":{"line":132,"column":0},"end":{"line":132,"column":1}},"loc":{"start":{"line":132,"column":38},"end":{"line":144,"column":1}},"line":132},"6":{"name":"(anonymous_6)","decl":{"start":{"line":146,"column":2},"end":{"line":146,"column":3}},"loc":{"start":{"line":146,"column":41},"end":{"line":161,"column":3}},"line":146}},"branchMap":{"0":{"loc":{"start":{"line":15,"column":6},"end":{"line":17,"column":7}},"type":"if","locations":[{"start":{"line":15,"column":6},"end":{"line":17,"column":7}},{"start":{},"end":{}}],"line":15},"1":{"loc":{"start":{"line":15,"column":10},"end":{"line":15,"column":87}},"type":"binary-expr","locations":[{"start":{"line":15,"column":10},"end":{"line":15,"column":30}},{"start":{"line":15,"column":34},"end":{"line":15,"column":43}},{"start":{"line":15,"column":47},"end":{"line":15,"column":56}},{"start":{"line":15,"column":60},"end":{"line":15,"column":73}},{"start":{"line":15,"column":77},"end":{"line":15,"column":87}}],"line":15},"2":{"loc":{"start":{"line":20,"column":6},"end":{"line":22,"column":7}},"type":"if","locations":[{"start":{"line":20,"column":6},"end":{"line":22,"column":7}},{"start":{},"end":{}}],"line":20},"3":{"loc":{"start":{"line":20,"column":10},"end":{"line":20,"column":70}},"type":"binary-expr","locations":[{"start":{"line":20,"column":10},"end":{"line":20,"column":26}},{"start":{"line":20,"column":30},"end":{"line":20,"column":44}},{"start":{"line":20,"column":48},"end":{"line":20,"column":70}}],"line":20},"4":{"loc":{"start":{"line":25,"column":6},"end":{"line":27,"column":7}},"type":"if","locations":[{"start":{"line":25,"column":6},"end":{"line":27,"column":7}},{"start":{},"end":{}}],"line":25},"5":{"loc":{"start":{"line":30,"column":6},"end":{"line":32,"column":7}},"type":"if","locations":[{"start":{"line":30,"column":6},"end":{"line":32,"column":7}},{"start":{},"end":{}}],"line":30},"6":{"loc":{"start":{"line":35,"column":6},"end":{"line":37,"column":7}},"type":"if","locations":[{"start":{"line":35,"column":6},"end":{"line":37,"column":7}},{"start":{},"end":{}}],"line":35},"7":{"loc":{"start":{"line":40,"column":6},"end":{"line":42,"column":7}},"type":"if","locations":[{"start":{"line":40,"column":6},"end":{"line":42,"column":7}},{"start":{},"end":{}}],"line":40},"8":{"loc":{"start":{"line":94,"column":6},"end":{"line":94,"column":81}},"type":"if","locations":[{"start":{"line":94,"column":6},"end":{"line":94,"column":81}},{"start":{},"end":{}}],"line":94},"9":{"loc":{"start":{"line":117,"column":6},"end":{"line":117,"column":81}},"type":"if","locations":[{"start":{"line":117,"column":6},"end":{"line":117,"column":81}},{"start":{},"end":{}}],"line":117},"10":{"loc":{"start":{"line":118,"column":6},"end":{"line":119,"column":89}},"type":"if","locations":[{"start":{"line":118,"column":6},"end":{"line":119,"column":89}},{"start":{},"end":{}}],"line":118},"11":{"loc":{"start":{"line":149,"column":6},"end":{"line":149,"column":81}},"type":"if","locations":[{"start":{"line":149,"column":6},"end":{"line":149,"column":81}},{"start":{},"end":{}}],"line":149},"12":{"loc":{"start":{"line":150,"column":6},"end":{"line":151,"column":93}},"type":"if","locations":[{"start":{"line":150,"column":6},"end":{"line":151,"column":93}},{"start":{},"end":{}}],"line":150}},"s":{"0":5,"1":5,"2":5,"3":5,"4":5,"5":5,"6":0,"7":0,"8":0,"9":0,"10":0,"11":0,"12":0,"13":0,"14":0,"15":0,"16":0,"17":0,"18":0,"19":0,"20":0,"21":0,"22":0,"23":0,"24":0,"25":0,"26":0,"27":0,"28":0,"29":0,"30":0,"31":0,"32":0,"33":0,"34":0,"35":0,"36":0,"37":0,"38":0,"39":0,"40":0,"41":0,"42":0,"43":0,"44":0,"45":0,"46":0,"47":0,"48":0,"49":0,"50":0,"51":0,"52":0,"53":0,"54":0,"55":0,"56":0,"57":0,"58":0,"59":0,"60":0,"61":0,"62":0,"63":0,"64":0,"65":0,"66":0,"67":0,"68":0,"69":0,"70":0,"71":0,"72":0,"73":0,"74":0,"75":0,"76":0,"77":0,"78":0,"79":0,"80":5},"f":{"0":0,"1":0,"2":0,"3":0,"4":0,"5":0,"6":0},"b":{"0":[0,0],"1":[0,0,0,0,0],"2":[0,0],"3":[0,0,0],"4":[0,0],"5":[0,0],"6":[0,0],"7":[0,0],"8":[0,0],"9":[0,0],"10":[0,0],"11":[0,0],"12":[0,0]},"_coverageSchema":"1a1c01bbd47fc00a2c39e90264f33305004495a9","hash":"afb36347c2ccedebf400e697f86e6b37aace87ca"}
,"C:\\ProgramData\\BlueStacks_nxt\\payments-portal\\Backend\\middleware\\authMiddleware.js": {"path":"C:\\ProgramData\\BlueStacks_nxt\\payments-portal\\Backend\\middleware\\authMiddleware.js","statementMap":{"0":{"start":{"line":2,"column":12},"end":{"line":2,"column":35}},"1":{"start":{"line":3,"column":13},"end":{"line":3,"column":38}},"2":{"start":{"line":5,"column":23},"end":{"line":37,"column":1}},"3":{"start":{"line":6,"column":2},"end":{"line":36,"column":3}},"4":{"start":{"line":8,"column":18},"end":{"line":9,"column":88}},"5":{"start":{"line":11,"column":4},"end":{"line":13,"column":5}},"6":{"start":{"line":12,"column":6},"end":{"line":12,"column":73}},"7":{"start":{"line":16,"column":20},"end":{"line":16,"column":98}},"8":{"start":{"line":19,"column":17},"end":{"line":19,"column":72}},"9":{"start":{"line":21,"column":4},"end":{"line":23,"column":5}},"10":{"start":{"line":22,"column":6},"end":{"line":22,"column":64}},"11":{"start":{"line":25,"column":4},"end":{"line":27,"column":5}},"12":{"start":{"line":26,"column":6},"end":{"line":26,"column":69}},"13":{"start":{"line":30,"column":4},"end":{"line":30,"column":20}},"14":{"start":{"line":31,"column":4},"end":{"line":31,"column":11}},"15":{"start":{"line":34,"column":4},"end":{"line":34,"column":49}},"16":{"start":{"line":35,"column":4},"end":{"line":35,"column":72}},"17":{"start":{"line":39,"column":0},"end":{"line":39,"column":32}}},"fnMap":{"0":{"name":"(anonymous_0)","decl":{"start":{"line":5,"column":23},"end":{"line":5,"column":24}},"loc":{"start":{"line":5,"column":49},"end":{"line":37,"column":1}},"line":5}},"branchMap":{"0":{"loc":{"start":{"line":8,"column":18},"end":{"line":9,"column":88}},"type":"binary-expr","locations":[{"start":{"line":8,"column":18},"end":{"line":8,"column":35}},{"start":{"line":9,"column":19},"end":{"line":9,"column":44}},{"start":{"line":9,"column":48},"end":{"line":9,"column":87}}],"line":8},"1":{"loc":{"start":{"line":11,"column":4},"end":{"line":13,"column":5}},"type":"if","locations":[{"start":{"line":11,"column":4},"end":{"line":13,"column":5}},{"start":{},"end":{}}],"line":11},"2":{"loc":{"start":{"line":16,"column":38},"end":{"line":16,"column":97}},"type":"binary-expr","locations":[{"start":{"line":16,"column":38},"end":{"line":16,"column":60}},{"start":{"line":16,"column":64},"end":{"line":16,"column":97}}],"line":16},"3":{"loc":{"start":{"line":21,"column":4},"end":{"line":23,"column":5}},"type":"if","locations":[{"start":{"line":21,"column":4},"end":{"line":23,"column":5}},{"start":{},"end":{}}],"line":21},"4":{"loc":{"start":{"line":25,"column":4},"end":{"line":27,"column":5}},"type":"if","locations":[{"start":{"line":25,"column":4},"end":{"line":27,"column":5}},{"start":{},"end":{}}],"line":25}},"s":{"0":5,"1":5,"2":5,"3":6,"4":6,"5":6,"6":0,"7":6,"8":0,"9":0,"10":0,"11":0,"12":0,"13":0,"14":0,"15":6,"16":6,"17":5},"f":{"0":6},"b":{"0":[6,6,6],"1":[0,6],"2":[6,0],"3":[0,0],"4":[0,0]},"_coverageSchema":"1a1c01bbd47fc00a2c39e90264f33305004495a9","hash":"bc6faf9dc007b3c6cd6a60b1f41f02d2ea54083d"}
,"C:\\ProgramData\\BlueStacks_nxt\\payments-portal\\Backend\\middleware\\roleMiddleware.js": {"path":"C:\\ProgramData\\BlueStacks_nxt\\payments-portal\\Backend\\middleware\\roleMiddleware.js","statementMap":{"0":{"start":{"line":2,"column":23},"end":{"line":16,"column":1}},"1":{"start":{"line":3,"column":2},"end":{"line":15,"column":4}},"2":{"start":{"line":4,"column":4},"end":{"line":6,"column":5}},"3":{"start":{"line":5,"column":6},"end":{"line":5,"column":73}},"4":{"start":{"line":8,"column":4},"end":{"line":12,"column":5}},"5":{"start":{"line":9,"column":6},"end":{"line":11,"column":9}},"6":{"start":{"line":14,"column":4},"end":{"line":14,"column":11}},"7":{"start":{"line":18,"column":0},"end":{"line":18,"column":32}}},"fnMap":{"0":{"name":"(anonymous_0)","decl":{"start":{"line":2,"column":23},"end":{"line":2,"column":24}},"loc":{"start":{"line":2,"column":41},"end":{"line":16,"column":1}},"line":2},"1":{"name":"(anonymous_1)","decl":{"start":{"line":3,"column":9},"end":{"line":3,"column":10}},"loc":{"start":{"line":3,"column":29},"end":{"line":15,"column":3}},"line":3}},"branchMap":{"0":{"loc":{"start":{"line":4,"column":4},"end":{"line":6,"column":5}},"type":"if","locations":[{"start":{"line":4,"column":4},"end":{"line":6,"column":5}},{"start":{},"end":{}}],"line":4},"1":{"loc":{"start":{"line":8,"column":4},"end":{"line":12,"column":5}},"type":"if","locations":[{"start":{"line":8,"column":4},"end":{"line":12,"column":5}},{"start":{},"end":{}}],"line":8}},"s":{"0":5,"1":10,"2":0,"3":0,"4":0,"5":0,"6":0,"7":5},"f":{"0":10,"1":0},"b":{"0":[0,0],"1":[0,0]},"_coverageSchema":"1a1c01bbd47fc00a2c39e90264f33305004495a9","hash":"46c9161e86bcc6784dfffb6c84a1a4039aab2165"}
,"C:\\ProgramData\\BlueStacks_nxt\\payments-portal\\Backend\\models\\Payment.js": {"path":"C:\\ProgramData\\BlueStacks_nxt\\payments-portal\\Backend\\models\\Payment.js","statementMap":{"0":{"start":{"line":1,"column":17},"end":{"line":1,"column":36}},"1":{"start":{"line":3,"column":22},"end":{"line":56,"column":2}},"2":{"start":{"line":59,"column":0},"end":{"line":59,"column":48}},"3":{"start":{"line":60,"column":0},"end":{"line":60,"column":35}},"4":{"start":{"line":62,"column":0},"end":{"line":62,"column":58}}},"fnMap":{},"branchMap":{},"s":{"0":5,"1":5,"2":5,"3":5,"4":5},"f":{},"b":{},"_coverageSchema":"1a1c01bbd47fc00a2c39e90264f33305004495a9","hash":"9d61a7bd662b608fd240f42748c5c48a38f30f8c"}
,"C:\\ProgramData\\BlueStacks_nxt\\payments-portal\\Backend\\models\\User.js": {"path":"C:\\ProgramData\\BlueStacks_nxt\\payments-portal\\Backend\\models\\User.js","statementMap":{"0":{"start":{"line":2,"column":17},"end":{"line":2,"column":36}},"1":{"start":{"line":4,"column":19},"end":{"line":61,"column":2}},"2":{"start":{"line":63,"column":0},"end":{"line":63,"column":52}}},"fnMap":{},"branchMap":{},"s":{"0":5,"1":5,"2":5},"f":{},"b":{},"_coverageSchema":"1a1c01bbd47fc00a2c39e90264f33305004495a9","hash":"bb4df36320c8558dfd0d465f7388c6df6abe007d"}
,"C:\\ProgramData\\BlueStacks_nxt\\payments-portal\\Backend\\routes\\adminPaymentRoutes.js": {"path":"C:\\ProgramData\\BlueStacks_nxt\\payments-portal\\Backend\\routes\\adminPaymentRoutes.js","statementMap":{"0":{"start":{"line":1,"column":16},"end":{"line":1,"column":34}},"1":{"start":{"line":2,"column":15},"end":{"line":2,"column":31}},"2":{"start":{"line":3,"column":23},"end":{"line":3,"column":62}},"3":{"start":{"line":4,"column":23},"end":{"line":4,"column":62}},"4":{"start":{"line":5,"column":26},"end":{"line":5,"column":69}},"5":{"start":{"line":7,"column":0},"end":{"line":7,"column":54}},"6":{"start":{"line":10,"column":0},"end":{"line":10,"column":53}},"7":{"start":{"line":13,"column":0},"end":{"line":13,"column":59}},"8":{"start":{"line":14,"column":0},"end":{"line":14,"column":63}},"9":{"start":{"line":16,"column":0},"end":{"line":16,"column":24}}},"fnMap":{},"branchMap":{},"s":{"0":5,"1":5,"2":5,"3":5,"4":5,"5":5,"6":5,"7":5,"8":5,"9":5},"f":{},"b":{},"_coverageSchema":"1a1c01bbd47fc00a2c39e90264f33305004495a9","hash":"e9cc1d60073f84f1c4ec5c4618421dfff624e2f1"}
,"C:\\ProgramData\\BlueStacks_nxt\\payments-portal\\Backend\\routes\\authRoutes.js": {"path":"C:\\ProgramData\\BlueStacks_nxt\\payments-portal\\Backend\\routes\\authRoutes.js","statementMap":{"0":{"start":{"line":2,"column":16},"end":{"line":2,"column":34}},"1":{"start":{"line":3,"column":15},"end":{"line":3,"column":31}},"2":{"start":{"line":4,"column":23},"end":{"line":4,"column":63}},"3":{"start":{"line":7,"column":0},"end":{"line":7,"column":50}},"4":{"start":{"line":8,"column":0},"end":{"line":8,"column":44}},"5":{"start":{"line":9,"column":0},"end":{"line":9,"column":46}},"6":{"start":{"line":11,"column":0},"end":{"line":11,"column":24}}},"fnMap":{},"branchMap":{},"s":{"0":5,"1":5,"2":5,"3":5,"4":5,"5":5,"6":5},"f":{},"b":{},"_coverageSchema":"1a1c01bbd47fc00a2c39e90264f33305004495a9","hash":"cdab069be758ec3a4a1ed43b8bc113ecae368897"}
,"C:\\ProgramData\\BlueStacks_nxt\\payments-portal\\Backend\\routes\\employeeRoutes.js": {"path":"C:\\ProgramData\\BlueStacks_nxt\\payments-portal\\Backend\\routes\\employeeRoutes.js","statementMap":{"0":{"start":{"line":2,"column":16},"end":{"line":2,"column":34}},"1":{"start":{"line":3,"column":15},"end":{"line":3,"column":31}},"2":{"start":{"line":4,"column":27},"end":{"line":4,"column":71}},"3":{"start":{"line":5,"column":23},"end":{"line":5,"column":62}},"4":{"start":{"line":6,"column":23},"end":{"line":6,"column":62}},"5":{"start":{"line":9,"column":0},"end":{"line":9,"column":27}},"6":{"start":{"line":10,"column":0},"end":{"line":10,"column":38}},"7":{"start":{"line":13,"column":0},"end":{"line":13,"column":52}},"8":{"start":{"line":14,"column":0},"end":{"line":14,"column":50}},"9":{"start":{"line":15,"column":0},"end":{"line":15,"column":51}},"10":{"start":{"line":16,"column":0},"end":{"line":16,"column":54}},"11":{"start":{"line":17,"column":0},"end":{"line":17,"column":57}},"12":{"start":{"line":19,"column":0},"end":{"line":19,"column":24}}},"fnMap":{},"branchMap":{},"s":{"0":5,"1":5,"2":5,"3":5,"4":5,"5":5,"6":5,"7":5,"8":5,"9":5,"10":5,"11":5,"12":5},"f":{},"b":{},"_coverageSchema":"1a1c01bbd47fc00a2c39e90264f33305004495a9","hash":"218a04af01acfb5d4828638f6c38baa8423b5f14"}
,"C:\\ProgramData\\BlueStacks_nxt\\payments-portal\\Backend\\routes\\mfaRoutes.js": {"path":"C:\\ProgramData\\BlueStacks_nxt\\payments-portal\\Backend\\routes\\mfaRoutes.js","statementMap":{"0":{"start":{"line":2,"column":16},"end":{"line":2,"column":34}},"1":{"start":{"line":3,"column":18},"end":{"line":3,"column":38}},"2":{"start":{"line":4,"column":15},"end":{"line":4,"column":32}},"3":{"start":{"line":5,"column":23},"end":{"line":5,"column":62}},"4":{"start":{"line":6,"column":13},"end":{"line":6,"column":38}},"5":{"start":{"line":8,"column":15},"end":{"line":8,"column":31}},"6":{"start":{"line":13,"column":0},"end":{"line":31,"column":3}},"7":{"start":{"line":14,"column":2},"end":{"line":30,"column":3}},"8":{"start":{"line":15,"column":17},"end":{"line":15,"column":25}},"9":{"start":{"line":17,"column":19},"end":{"line":19,"column":6}},"10":{"start":{"line":21,"column":4},"end":{"line":21,"column":39}},"11":{"start":{"line":22,"column":4},"end":{"line":22,"column":22}},"12":{"start":{"line":24,"column":22},"end":{"line":24,"column":64}},"13":{"start":{"line":26,"column":4},"end":{"line":26,"column":59}},"14":{"start":{"line":28,"column":4},"end":{"line":28,"column":43}},"15":{"start":{"line":29,"column":4},"end":{"line":29,"column":70}},"16":{"start":{"line":36,"column":0},"end":{"line":65,"column":3}},"17":{"start":{"line":37,"column":2},"end":{"line":64,"column":3}},"18":{"start":{"line":38,"column":17},"end":{"line":38,"column":25}},"19":{"start":{"line":39,"column":22},"end":{"line":39,"column":30}},"20":{"start":{"line":41,"column":4},"end":{"line":43,"column":5}},"21":{"start":{"line":42,"column":6},"end":{"line":42,"column":85}},"22":{"start":{"line":45,"column":23},"end":{"line":49,"column":6}},"23":{"start":{"line":51,"column":4},"end":{"line":60,"column":5}},"24":{"start":{"line":53,"column":6},"end":{"line":53,"column":42}},"25":{"start":{"line":54,"column":6},"end":{"line":54,"column":37}},"26":{"start":{"line":55,"column":6},"end":{"line":55,"column":24}},"27":{"start":{"line":57,"column":6},"end":{"line":57,"column":72}},"28":{"start":{"line":59,"column":6},"end":{"line":59,"column":84}},"29":{"start":{"line":62,"column":4},"end":{"line":62,"column":44}},"30":{"start":{"line":63,"column":4},"end":{"line":63,"column":65}},"31":{"start":{"line":67,"column":0},"end":{"line":67,"column":24}}},"fnMap":{"0":{"name":"(anonymous_0)","decl":{"start":{"line":13,"column":38},"end":{"line":13,"column":39}},"loc":{"start":{"line":13,"column":58},"end":{"line":31,"column":1}},"line":13},"1":{"name":"(anonymous_1)","decl":{"start":{"line":36,"column":39},"end":{"line":36,"column":40}},"loc":{"start":{"line":36,"column":59},"end":{"line":65,"column":1}},"line":36}},"branchMap":{"0":{"loc":{"start":{"line":41,"column":4},"end":{"line":43,"column":5}},"type":"if","locations":[{"start":{"line":41,"column":4},"end":{"line":43,"column":5}},{"start":{},"end":{}}],"line":41},"1":{"loc":{"start":{"line":51,"column":4},"end":{"line":60,"column":5}},"type":"if","locations":[{"start":{"line":51,"column":4},"end":{"line":60,"column":5}},{"start":{"line":58,"column":11},"end":{"line":60,"column":5}}],"line":51}},"s":{"0":5,"1":5,"2":5,"3":5,"4":5,"5":5,"6":5,"7":0,"8":0,"9":0,"10":0,"11":0,"12":0,"13":0,"14":0,"15":0,"16":5,"17":0,"18":0,"19":0,"20":0,"21":0,"22":0,"23":0,"24":0,"25":0,"26":0,"27":0,"28":0,"29":0,"30":0,"31":5},"f":{"0":0,"1":0},"b":{"0":[0,0],"1":[0,0]},"_coverageSchema":"1a1c01bbd47fc00a2c39e90264f33305004495a9","hash":"445b1aa81e24be7f10f2e72a88f34f7d576beda1"}
,"C:\\ProgramData\\BlueStacks_nxt\\payments-portal\\Backend\\routes\\paymentRoutes.js": {"path":"C:\\ProgramData\\BlueStacks_nxt\\payments-portal\\Backend\\routes\\paymentRoutes.js","statementMap":{"0":{"start":{"line":1,"column":16},"end":{"line":1,"column":34}},"1":{"start":{"line":2,"column":15},"end":{"line":2,"column":31}},"2":{"start":{"line":3,"column":23},"end":{"line":3,"column":62}},"3":{"start":{"line":4,"column":26},"end":{"line":4,"column":69}},"4":{"start":{"line":7,"column":0},"end":{"line":7,"column":81}},"5":{"start":{"line":10,"column":0},"end":{"line":10,"column":66}},"6":{"start":{"line":12,"column":0},"end":{"line":12,"column":69}},"7":{"start":{"line":15,"column":0},"end":{"line":15,"column":67}},"8":{"start":{"line":18,"column":0},"end":{"line":18,"column":69}},"9":{"start":{"line":21,"column":0},"end":{"line":21,"column":77}},"10":{"start":{"line":24,"column":0},"end":{"line":24,"column":81}},"11":{"start":{"line":26,"column":0},"end":{"line":26,"column":24}}},"fnMap":{},"branchMap":{},"s":{"0":5,"1":5,"2":5,"3":5,"4":5,"5":5,"6":5,"7":5,"8":5,"9":5,"10":5,"11":5},"f":{},"b":{},"_coverageSchema":"1a1c01bbd47fc00a2c39e90264f33305004495a9","hash":"02e44e375cc36be7e6aff2f67c9c7844e6600616"}
}
